<?xml version="1.0" encoding="UTF-8"?>
<testsuite xmlns:xsi="http://www.w3.org/2001/XMLSchema-instance" xsi:noNamespaceSchemaLocation="https://maven.apache.org/surefire/maven-surefire-plugin/xsd/surefire-test-report-3.0.xsd" version="3.0" name="com.example.exam.security.ReviewSecurityTest" time="0.189" tests="3" errors="0" skipped="0" failures="0">
  <properties>
[...]
</properties>
  <testcase name="reviews_withAdminRole_shouldReachController" classname="com.example.exam.security.ReviewSecurityTest" time="0.166">
    <system-out><![CDATA[2025-11-04T11:47:25.306Z  INFO 2284 --- [           main] t.c.s.AnnotationConfigContextLoaderUtils : Could not detect default configuration classes for test class [com.example.exam.security.ReviewSecurityTest]: ReviewSecurityTest does not declare any static, non-private, non-final, nested classes annotated with @Configuration.
2025-11-04T11:47:25.310Z  INFO 2284 --- [           main] .b.t.c.SpringBootTestContextBootstrapper : Found @SpringBootConfiguration com.example.exam.ExamApplication for test class com.example.exam.security.ReviewSecurityTest
Hibernate: select r1_0.id,r1_0.incident_id,r1_0.note,r1_0.reviewed_at,r1_0.reviewer_id,r1_0.status from reviews r1_0 where r1_0.incident_id=?
]]></system-out>
  </testcase>
  <testcase name="reviews_withUserRole_should403" classname="com.example.exam.security.ReviewSecurityTest" time="0.002"/>
  <testcase name="reviews_withoutToken_should401" classname="com.example.exam.security.ReviewSecurityTest" time="0.008"/>
</testsuite>