<?xml version="1.0" encoding="UTF-8"?>
<testsuite xmlns:xsi="http://www.w3.org/2001/XMLSchema-instance" xsi:noNamespaceSchemaLocation="https://maven.apache.org/surefire/maven-surefire-plugin/xsd/surefire-test-report-3.0.xsd" version="3.0" name="com.example.exam.controller.IncidentControllerTest" time="0.364" tests="5" errors="0" skipped="0" failures="0">
  <properties>
[...]
</properties>
  <testcase name="createIncident_happyPath_returnsCreated" classname="com.example.exam.controller.IncidentControllerTest" time="0.038">
    <system-out><![CDATA[2025-11-16T09:15:52.644Z  INFO 3578 --- [           main] t.c.s.AnnotationConfigContextLoaderUtils : Could not detect default configuration classes for test class [com.example.exam.controller.IncidentControllerTest]: IncidentControllerTest does not declare any static, non-private, non-final, nested classes annotated with @Configuration.
2025-11-16T09:15:52.650Z  INFO 3578 --- [           main] .b.t.c.SpringBootTestContextBootstrapper : Found @SpringBootConfiguration com.example.exam.ExamApplication for test class com.example.exam.controller.IncidentControllerTest

  .   ____          _            __ _ _
 /\\ / ___'_ __ _ _(_)_ __  __ _ \ \ \ \
( ( )\___ | '_ | '_| | '_ \/ _` | \ \ \ \
 \\/  ___)| |_)| | | | | || (_| |  ) ) ) )
  '  |____| .__|_| |_|_| |_\__, | / / / /
 =========|_|==============|___/=/_/_/_/
 :: Spring Boot ::               (v3.2.12)

2025-11-16T09:15:52.673Z  INFO 3578 --- [           main] c.e.e.controller.IncidentControllerTest  : Starting IncidentControllerTest using Java 17.0.17 with PID 3578 (started by runner in /home/runner/work/exam-cheating-detection-v2/exam-cheating-detection-v2/backend)
2025-11-16T09:15:52.673Z  INFO 3578 --- [           main] c.e.e.controller.IncidentControllerTest  : No active profile set, falling back to 1 default profile: "default"
2025-11-16T09:15:52.928Z  INFO 3578 --- [           main] o.s.s.web.DefaultSecurityFilterChain     : Will secure any request with [org.springframework.security.web.session.DisableEncodeUrlFilter@2acfd27b, org.springframework.security.web.context.request.async.WebAsyncManagerIntegrationFilter@5e8359da, org.springframework.security.web.context.SecurityContextHolderFilter@1676e501, org.springframework.security.web.header.HeaderWriterFilter@f1e8753, org.springframework.security.web.csrf.CsrfFilter@13c36d48, org.springframework.security.web.authentication.logout.LogoutFilter@76d654, org.springframework.security.web.authentication.UsernamePasswordAuthenticationFilter@6ea0dfaa, org.springframework.security.web.authentication.ui.DefaultLoginPageGeneratingFilter@4e6881e, org.springframework.security.web.authentication.ui.DefaultLogoutPageGeneratingFilter@36b6802f, org.springframework.security.web.authentication.www.BasicAuthenticationFilter@5852605c, org.springframework.security.web.savedrequest.RequestCacheAwareFilter@1ed763aa, org.springframework.security.web.servletapi.SecurityContextHolderAwareRequestFilter@7f39bcb5, org.springframework.security.web.authentication.AnonymousAuthenticationFilter@7d2d5625, org.springframework.security.web.access.ExceptionTranslationFilter@7e93e396, org.springframework.security.web.access.intercept.AuthorizationFilter@20ed6de]
2025-11-16T09:15:52.934Z  INFO 3578 --- [           main] o.s.b.t.m.w.SpringBootMockServletContext : Initializing Spring TestDispatcherServlet ''
2025-11-16T09:15:52.934Z  INFO 3578 --- [           main] o.s.t.web.servlet.TestDispatcherServlet  : Initializing Servlet ''
2025-11-16T09:15:52.935Z  INFO 3578 --- [           main] o.s.t.web.servlet.TestDispatcherServlet  : Completed initialization in 1 ms
2025-11-16T09:15:52.941Z  INFO 3578 --- [           main] c.e.e.controller.IncidentControllerTest  : Started IncidentControllerTest in 0.288 seconds (process running for 10.259)
]]></system-out>
  </testcase>
  <testcase name="createIncident_missingSession_returns404" classname="com.example.exam.controller.IncidentControllerTest" time="0.005"/>
  <testcase name="getIncident_notFound_returns404" classname="com.example.exam.controller.IncidentControllerTest" time="0.004"/>
  <testcase name="getIncident_found_returns200" classname="com.example.exam.controller.IncidentControllerTest" time="0.005"/>
  <testcase name="listIncidents_bySession_returnsOrdered" classname="com.example.exam.controller.IncidentControllerTest" time="0.008"/>
</testsuite>